<?xml version="1.0" encoding="utf-8" standalone="no"?>
<!--This file represents the results of running a test suite-->
<test-results name="C:\Users\Bobcat\Desktop\HandsetDetection\dotnet35-apikit\HD3lib\bin\Debug\HD3.dll" total="0" errors="0" failures="0" not-run="0" inconclusive="0" ignored="0" skipped="0" invalid="0" date="2014-05-05" time="13:25:08">
  <environment nunit-version="2.6.3.13283" clr-version="2.0.50727.5477" os-version="Microsoft Windows NT 6.1.7601 Service Pack 1" platform="Win32NT" cwd="C:\Users\Bobcat\Desktop\HandsetDetection\dotnet35-apikit\HD3lib\bin\Debug" machine-name="BOBCAT-PC" user="Bobcat" user-domain="Bobcat-PC" />
  <culture-info current-culture="en-US" current-uiculture="en-US" />
  <test-suite type="Assembly" name="C:\Users\Bobcat\Desktop\HandsetDetection\dotnet35-apikit\HD3lib\bin\Debug\HD3.dll" executed="True" result="Inconclusive" success="False" time="0.001" asserts="0">
    <results>
      <test-suite type="Namespace" name="HD3Test" executed="True" result="Inconclusive" success="False" time="0.001" asserts="0">
        <results>
          <test-suite type="TestFixture" name="HD3Test" executed="True" result="Inconclusive" success="False" time="0.000" asserts="0" />
        </results>
      </test-suite>
    </results>
  </test-suite>
</test-results>